2025-09-16T15:17:05.666+05:30  INFO 29024 --- [ClassSphere] [main] l.v.classsphere.ClassSphereApplication   : Starting ClassSphereApplication using Java 17.0.16 with PID 29024 (E:\Advanced API Development\SpringBOOT\ClassSphere\BackEnd\target\classes started by KVN2004 in E:\Advanced API Development\SpringBOOT\ClassSphere\BackEnd)
2025-09-16T15:17:05.673+05:30  INFO 29024 --- [ClassSphere] [main] l.v.classsphere.ClassSphereApplication   : No active profile set, falling back to 1 default profile: "default"
2025-09-16T15:17:07.366+05:30  INFO 29024 --- [ClassSphere] [main] .s.d.r.c.RepositoryConfigurationDelegate : Bootstrapping Spring Data JPA repositories in DEFAULT mode.
2025-09-16T15:17:07.445+05:30  INFO 29024 --- [ClassSphere] [main] .s.d.r.c.RepositoryConfigurationDelegate : Finished Spring Data repository scanning in 70 ms. Found 9 JPA repository interfaces.
2025-09-16T15:17:07.966+05:30  INFO 29024 --- [ClassSphere] [main] o.s.b.w.embedded.tomcat.TomcatWebServer  : Tomcat initialized with port 8080 (http)
2025-09-16T15:17:07.986+05:30  INFO 29024 --- [ClassSphere] [main] o.apache.catalina.core.StandardService   : Starting service [Tomcat]
2025-09-16T15:17:07.987+05:30  INFO 29024 --- [ClassSphere] [main] o.apache.catalina.core.StandardEngine    : Starting Servlet engine: [Apache Tomcat/10.1.43]
2025-09-16T15:17:08.054+05:30  INFO 29024 --- [ClassSphere] [main] o.a.c.c.C.[Tomcat].[localhost].[/]       : Initializing Spring embedded WebApplicationContext
2025-09-16T15:17:08.055+05:30  INFO 29024 --- [ClassSphere] [main] w.s.c.ServletWebServerApplicationContext : Root WebApplicationContext: initialization completed in 2328 ms
2025-09-16T15:17:08.341+05:30  INFO 29024 --- [ClassSphere] [main] o.hibernate.jpa.internal.util.LogHelper  : HHH000204: Processing PersistenceUnitInfo [name: default]
2025-09-16T15:17:08.398+05:30  INFO 29024 --- [ClassSphere] [main] org.hibernate.Version                    : HHH000412: Hibernate ORM core version 6.6.22.Final
2025-09-16T15:17:08.453+05:30  INFO 29024 --- [ClassSphere] [main] o.h.c.internal.RegionFactoryInitiator    : HHH000026: Second-level cache disabled
2025-09-16T15:17:08.769+05:30  INFO 29024 --- [ClassSphere] [main] o.s.o.j.p.SpringPersistenceUnitInfo      : No LoadTimeWeaver setup: ignoring JPA class transformer
2025-09-16T15:17:08.796+05:30  INFO 29024 --- [ClassSphere] [main] com.zaxxer.hikari.HikariDataSource       : HikariPool-1 - Starting...
2025-09-16T15:17:09.191+05:30  INFO 29024 --- [ClassSphere] [main] com.zaxxer.hikari.pool.HikariPool        : HikariPool-1 - Added connection com.mysql.cj.jdbc.ConnectionImpl@5972e3a
2025-09-16T15:17:09.192+05:30  INFO 29024 --- [ClassSphere] [main] com.zaxxer.hikari.HikariDataSource       : HikariPool-1 - Start completed.
2025-09-16T15:17:09.243+05:30  WARN 29024 --- [ClassSphere] [main] org.hibernate.orm.deprecation            : HHH90000025: MySQLDialect does not need to be specified explicitly using 'hibernate.dialect' (remove the property setting and it will be selected by default)
2025-09-16T15:17:09.260+05:30  INFO 29024 --- [ClassSphere] [main] org.hibernate.orm.connections.pooling    : HHH10001005: Database info:
	Database JDBC URL [Connecting through datasource 'HikariDataSource (HikariPool-1)']
	Database driver: undefined/unknown
	Database version: 8.0.42
	Autocommit mode: undefined/unknown
	Isolation level: undefined/unknown
	Minimum pool size: undefined/unknown
	Maximum pool size: undefined/unknown
2025-09-16T15:17:09.650+05:30  WARN 29024 --- [ClassSphere] [main] org.hibernate.mapping.RootClass          : HHH000038: Composite-id class does not override equals(): lk.vihanganimsara.classsphere.entity.EnrollmentId
2025-09-16T15:17:09.650+05:30  WARN 29024 --- [ClassSphere] [main] org.hibernate.mapping.RootClass          : HHH000039: Composite-id class does not override hashCode(): lk.vihanganimsara.classsphere.entity.EnrollmentId
2025-09-16T15:17:10.446+05:30  INFO 29024 --- [ClassSphere] [main] o.h.e.t.j.p.i.JtaPlatformInitiator       : HHH000489: No JTA platform available (set 'hibernate.transaction.jta.platform' to enable JTA platform integration)
2025-09-16T15:17:10.611+05:30  INFO 29024 --- [ClassSphere] [main] j.LocalContainerEntityManagerFactoryBean : Initialized JPA EntityManagerFactory for persistence unit 'default'
2025-09-16T15:17:10.878+05:30 DEBUG 29024 --- [ClassSphere] [main] o.s.w.f.ServerHttpObservationFilter      : Filter 'webMvcObservationFilter' configured for use
2025-09-16T15:17:11.118+05:30  WARN 29024 --- [ClassSphere] [main] JpaBaseConfiguration$JpaWebConfiguration : spring.jpa.open-in-view is enabled by default. Therefore, database queries may be performed during view rendering. Explicitly configure spring.jpa.open-in-view to disable this warning
2025-09-16T15:17:11.227+05:30 DEBUG 29024 --- [ClassSphere] [main] s.w.s.m.m.a.RequestMappingHandlerMapping : 29 mappings in 'requestMappingHandlerMapping'
2025-09-16T15:17:11.303+05:30 DEBUG 29024 --- [ClassSphere] [main] o.s.w.s.handler.SimpleUrlHandlerMapping  : Patterns [/webjars/**, /**] in 'resourceHandlerMapping'
2025-09-16T15:17:11.442+05:30  INFO 29024 --- [ClassSphere] [main] o.s.b.a.e.web.EndpointLinksResolver      : Exposing 1 endpoint beneath base path '/actuator'
2025-09-16T15:17:11.475+05:30  INFO 29024 --- [ClassSphere] [main] eAuthenticationProviderManagerConfigurer : Global AuthenticationManager configured with AuthenticationProvider bean with name authenticationProvider
2025-09-16T15:17:11.476+05:30  WARN 29024 --- [ClassSphere] [main] r$InitializeUserDetailsManagerConfigurer : Global AuthenticationManager configured with an AuthenticationProvider bean. UserDetailsService beans will not be used by Spring Security for automatically configuring username/password login. Consider removing the AuthenticationProvider bean. Alternatively, consider using the UserDetailsService in a manually instantiated DaoAuthenticationProvider. If the current configuration is intentional, to turn off this warning, increase the logging level of 'org.springframework.security.config.annotation.authentication.configuration.InitializeUserDetailsBeanManagerConfigurer' to ERROR
2025-09-16T15:17:11.555+05:30 DEBUG 29024 --- [ClassSphere] [main] o.s.s.web.DefaultSecurityFilterChain     : Will secure any request with filters: DisableEncodeUrlFilter, WebAsyncManagerIntegrationFilter, SecurityContextHolderFilter, HeaderWriterFilter, CorsFilter, LogoutFilter, JwtAuthFilter, RequestCacheAwareFilter, SecurityContextHolderAwareRequestFilter, AnonymousAuthenticationFilter, SessionManagementFilter, ExceptionTranslationFilter, AuthorizationFilter
2025-09-16T15:17:11.603+05:30 DEBUG 29024 --- [ClassSphere] [main] s.w.s.m.m.a.RequestMappingHandlerAdapter : ControllerAdvice beans: 0 @ModelAttribute, 0 @InitBinder, 1 RequestBodyAdvice, 1 ResponseBodyAdvice
2025-09-16T15:17:11.638+05:30 DEBUG 29024 --- [ClassSphere] [main] .m.m.a.ExceptionHandlerExceptionResolver : ControllerAdvice beans: 0 @ExceptionHandler, 1 ResponseBodyAdvice
2025-09-16T15:17:11.875+05:30  WARN 29024 --- [ClassSphere] [main] ConfigServletWebServerApplicationContext : Exception encountered during context initialization - cancelling refresh attempt: org.springframework.context.ApplicationContextException: Failed to start bean 'webServerStartStop'
2025-09-16T15:17:11.880+05:30  INFO 29024 --- [ClassSphere] [main] j.LocalContainerEntityManagerFactoryBean : Closing JPA EntityManagerFactory for persistence unit 'default'
2025-09-16T15:17:11.882+05:30  INFO 29024 --- [ClassSphere] [main] com.zaxxer.hikari.HikariDataSource       : HikariPool-1 - Shutdown initiated...
2025-09-16T15:17:11.887+05:30  INFO 29024 --- [ClassSphere] [main] com.zaxxer.hikari.HikariDataSource       : HikariPool-1 - Shutdown completed.
2025-09-16T15:17:11.903+05:30  INFO 29024 --- [ClassSphere] [main] .s.b.a.l.ConditionEvaluationReportLogger : 

Error starting ApplicationContext. To display the condition evaluation report re-run your application with 'debug' enabled.
2025-09-16T15:17:11.916+05:30 ERROR 29024 --- [ClassSphere] [main] o.s.b.d.LoggingFailureAnalysisReporter   : 

***************************
APPLICATION FAILED TO START
***************************

Description:

Web server failed to start. Port 8080 was already in use.

Action:

Identify and stop the process that's listening on port 8080 or configure this application to listen on another port.

